#
# There is insufficient memory for the Java Runtime Environment to continue.
# Native memory allocation (malloc) failed to allocate 251216 bytes for Chunk::new
# Possible reasons:
#   The system is out of physical RAM or swap space
#   The process is running with CompressedOops enabled, and the Java Heap may be blocking the growth of the native heap
# Possible solutions:
#   Reduce memory load on the system
#   Increase physical memory or swap space
#   Check if swap backing store is full
#   Decrease Java heap size (-Xmx/-Xms)
#   Decrease number of Java threads
#   Decrease Java thread stack sizes (-Xss)
#   Set larger code cache with -XX:ReservedCodeCacheSize=
#   JVM is running with Unscaled Compressed Oops mode in which the Java heap is
#     placed in the first 4GB address space. The Java Heap base address is the
#     maximum limit for the native heap growth. Please use -XX:HeapBaseMinAddress
#     to set the Java Heap base and to place the Java Heap above 4GB virtual address.
# This output file may be truncated or incomplete.
#
#  Out of Memory Error (allocation.cpp:389), pid=14896, tid=0x0000000000000a90
#
# JRE version: Java(TM) SE Runtime Environment (8.0_221-b11) (build 1.8.0_221-b11)
# Java VM: Java HotSpot(TM) 64-Bit Server VM (25.221-b11 mixed mode windows-amd64 compressed oops)
# Failed to write core dump. Minidumps are not enabled by default on client versions of Windows
#

---------------  T H R E A D  ---------------

Current thread (0x00000000188d5000):  JavaThread "C2 CompilerThread0" daemon [_thread_in_native, id=2704, stack(0x00000000191a0000,0x00000000192a0000)]

Stack: [0x00000000191a0000,0x00000000192a0000]
[error occurred during error reporting (printing stack bounds), id 0xc0000005]

Native frames: (J=compiled Java code, j=interpreted, Vv=VM code, C=native code)


Current CompileTask:
C2:   5936 1484       4       java.io.DataOutputStream::writeShort (35 bytes)


---------------  P R O C E S S  ---------------

Java Threads: ( => current thread )
  0x0000000018978000 JavaThread "Service Thread" daemon [_thread_blocked, id=760, stack(0x00000000195a0000,0x00000000196a0000)]
  0x00000000188e3800 JavaThread "C1 CompilerThread3" daemon [_thread_blocked, id=18124, stack(0x00000000194a0000,0x00000000195a0000)]
  0x00000000188dc800 JavaThread "C2 CompilerThread2" daemon [_thread_in_native, id=16864, stack(0x00000000193a0000,0x00000000194a0000)]
  0x00000000188d8800 JavaThread "C2 CompilerThread1" daemon [_thread_in_native, id=280, stack(0x00000000192a0000,0x00000000193a0000)]
=>0x00000000188d5000 JavaThread "C2 CompilerThread0" daemon [_thread_in_native, id=2704, stack(0x00000000191a0000,0x00000000192a0000)]
  0x00000000188d2800 JavaThread "Attach Listener" daemon [_thread_blocked, id=9528, stack(0x00000000190a0000,0x00000000191a0000)]
  0x00000000188d1800 JavaThread "Signal Dispatcher" daemon [_thread_blocked, id=404, stack(0x0000000018fa0000,0x00000000190a0000)]
  0x00000000188c1800 JavaThread "Finalizer" daemon [_thread_blocked, id=8324, stack(0x0000000018da0000,0x0000000018ea0000)]
  0x00000000188c0800 JavaThread "Reference Handler" daemon [_thread_blocked, id=5204, stack(0x0000000018ca0000,0x0000000018da0000)]
  0x0000000002cda000 JavaThread "main" [_thread_in_vm, id=12044, stack(0x0000000002b80000,0x0000000002c80000)]

Other Threads:
  0x0000000016ad8000 VMThread [stack: 0x00000000187a0000,0x00000000188a0000] [id=15828]
  0x000000001898d800 WatcherThread [stack: 0x00000000196a0000,0x00000000197a0000] [id=9552]

VM state:not at safepoint (normal execution)

VM Mutex/Monitor currently owned by a thread: None

heap address: 0x00000000a1400000, size: 1516 MB, Compressed Oops mode: 32-bit
Narrow klass base: 0x0000000000000000, Narrow klass shift: 3
Compressed class space size: 1073741824 Address: 0x0000000100000000

Heap:
 PSYoungGen      total 28672K, used 27026K [0x00000000e0700000, 0x00000000e2700000, 0x0000000100000000)
  eden space 24576K, 93% used [0x00000000e0700000,0x00000000e1d64c00,0x00000000e1f00000)
  from space 4096K, 99% used [0x00000000e2300000,0x00000000e26ffc88,0x00000000e2700000)
  to   space 4096K, 0% used [0x00000000e1f00000,0x00000000e1f00000,0x00000000e2300000)
 ParOldGen       total 65536K, used 5045K [0x00000000a1400000, 0x00000000a5400000, 0x00000000e0700000)
  object space 65536K, 7% used [0x00000000a1400000,0x00000000a18ed5e0,0x00000000a5400000)
 Metaspace       used 17843K, capacity 18237K, committed 18432K, reserved 1067008K
  class space    used 2147K, capacity 2252K, committed 2304K, reserved 1048576K

Card table byte_map: [0x0000000012190000,0x0000000012490000] byte_map_base: 0x0000000011c86000

Marking Bits: (ParMarkBitMap*) 0x0000000052e95ce0
 Begin Bits: [0x0000000012e90000, 0x0000000014640000)
 End Bits:   [0x0000000014640000, 0x0000000015df0000)

Polling page: 0x0000000000d20000

CodeCache: size=245760Kb used=4680Kb max_used=4680Kb free=241079Kb
 bounds [0x0000000002dd0000, 0x0000000003270000, 0x0000000011dd0000]
 total_blobs=1868 nmethods=1492 adapters=288
 compilation: enabled

Compilation events (10 events):
Event: 5.861 Thread 0x00000000188e3800 1490       3       java.util.HashMap::hash (20 bytes)
Event: 5.863 Thread 0x00000000188e3800 nmethod 1490 0x0000000003263e10 code [0x0000000003263f80, 0x00000000032641c8]
Event: 5.871 Thread 0x00000000188e3800 1491       3       java.lang.Class$MethodArray::add (72 bytes)
Event: 5.874 Thread 0x00000000188e3800 nmethod 1491 0x0000000003264290 code [0x0000000003264440, 0x0000000003264d78]
Event: 5.884 Thread 0x00000000188e3800 1492       3       jdk.internal.org.objectweb.asm.MethodVisitor::<init> (35 bytes)
Event: 5.885 Thread 0x00000000188e3800 nmethod 1492 0x0000000003265010 code [0x0000000003265180, 0x0000000003265488]
Event: 5.903 Thread 0x00000000188e3800 1493       1       org.jetbrains.kotlin.org.jdom.Attribute::getName (5 bytes)
Event: 5.903 Thread 0x00000000188e3800 nmethod 1493 0x0000000003249a10 code [0x0000000003249b60, 0x0000000003249c70]
Event: 5.903 Thread 0x00000000188e3800 1494       1       org.jetbrains.kotlin.org.jdom.Namespace::getURI (5 bytes)
Event: 5.903 Thread 0x00000000188e3800 nmethod 1494 0x0000000003265590 code [0x00000000032656e0, 0x00000000032657f0]

GC Heap History (4 events):
Event: 2.548 GC heap before
{Heap before GC invocations=1 (full 0):
 PSYoungGen      total 28672K, used 24576K [0x00000000e0700000, 0x00000000e2700000, 0x0000000100000000)
  eden space 24576K, 100% used [0x00000000e0700000,0x00000000e1f00000,0x00000000e1f00000)
  from space 4096K, 0% used [0x00000000e2300000,0x00000000e2300000,0x00000000e2700000)
  to   space 4096K, 0% used [0x00000000e1f00000,0x00000000e1f00000,0x00000000e2300000)
 ParOldGen       total 65536K, used 0K [0x00000000a1400000, 0x00000000a5400000, 0x00000000e0700000)
  object space 65536K, 0% used [0x00000000a1400000,0x00000000a1400000,0x00000000a5400000)
 Metaspace       used 8787K, capacity 9072K, committed 9344K, reserved 1056768K
  class space    used 972K, capacity 1054K, committed 1152K, reserved 1048576K
Event: 2.559 GC heap after
Heap after GC invocations=1 (full 0):
 PSYoungGen      total 28672K, used 4078K [0x00000000e0700000, 0x00000000e2700000, 0x0000000100000000)
  eden space 24576K, 0% used [0x00000000e0700000,0x00000000e0700000,0x00000000e1f00000)
  from space 4096K, 99% used [0x00000000e1f00000,0x00000000e22fbae8,0x00000000e2300000)
  to   space 4096K, 0% used [0x00000000e2300000,0x00000000e2300000,0x00000000e2700000)
 ParOldGen       total 65536K, used 1856K [0x00000000a1400000, 0x00000000a5400000, 0x00000000e0700000)
  object space 65536K, 2% used [0x00000000a1400000,0x00000000a15d0288,0x00000000a5400000)
 Metaspace       used 8787K, capacity 9072K, committed 9344K, reserved 1056768K
  class space    used 972K, capacity 1054K, committed 1152K, reserved 1048576K
}
Event: 3.704 GC heap before
{Heap before GC invocations=2 (full 0):
 PSYoungGen      total 28672K, used 28654K [0x00000000e0700000, 0x00000000e2700000, 0x0000000100000000)
  eden space 24576K, 100% used [0x00000000e0700000,0x00000000e1f00000,0x00000000e1f00000)
  from space 4096K, 99% used [0x00000000e1f00000,0x00000000e22fbae8,0x00000000e2300000)
  to   space 4096K, 0% used [0x00000000e2300000,0x00000000e2300000,0x00000000e2700000)
 ParOldGen       total 65536K, used 1856K [0x00000000a1400000, 0x00000000a5400000, 0x00000000e0700000)
  object space 65536K, 2% used [0x00000000a1400000,0x00000000a15d0288,0x00000000a5400000)
 Metaspace       used 12271K, capacity 12496K, committed 12800K, reserved 1060864K
  class space    used 1409K, capacity 1466K, committed 1536K, reserved 1048576K
Event: 3.719 GC heap after
Heap after GC invocations=2 (full 0):
 PSYoungGen      total 28672K, used 4095K [0x00000000e0700000, 0x00000000e2700000, 0x0000000100000000)
  eden space 24576K, 0% used [0x00000000e0700000,0x00000000e0700000,0x00000000e1f00000)
  from space 4096K, 99% used [0x00000000e2300000,0x00000000e26ffc88,0x00000000e2700000)
  to   space 4096K, 0% used [0x00000000e1f00000,0x00000000e1f00000,0x00000000e2300000)
 ParOldGen       total 65536K, used 5045K [0x00000000a1400000, 0x00000000a5400000, 0x00000000e0700000)
  object space 65536K, 7% used [0x00000000a1400000,0x00000000a18ed5e0,0x00000000a5400000)
 Metaspace       used 12271K, capacity 12496K, committed 12800K, reserved 1060864K
  class space    used 1409K, capacity 1466K, committed 1536K, reserved 1048576K
}

Deoptimization events (10 events):
Event: 2.215 Thread 0x0000000002cda000 Uncommon trap: reason=unstable_if action=reinterpret pc=0x0000000002fbf008 method=sun.misc.MetaIndex.mayContain(Ljava/lang/String;)Z @ 13
Event: 2.657 Thread 0x0000000002cda000 Uncommon trap: reason=unstable_if action=reinterpret pc=0x0000000002f94904 method=java.lang.String.indexOf([CII[CIII)I @ 134
Event: 2.786 Thread 0x0000000002cda000 Uncommon trap: reason=unstable_if action=reinterpret pc=0x000000000305b128 method=kotlin.reflect.jvm.internal.impl.protobuf.CodedInputStream.readRawVarint32()I @ 10
Event: 3.599 Thread 0x0000000002cda000 Uncommon trap: reason=unstable_if action=reinterpret pc=0x0000000003048010 method=java.lang.String.<init>([CII)V @ 18
Event: 3.755 Thread 0x0000000002cda000 Uncommon trap: reason=unstable_if action=reinterpret pc=0x0000000002fc53f8 method=java.lang.String.<init>([CII)V @ 18
Event: 3.759 Thread 0x0000000002cda000 Uncommon trap: reason=unstable_if action=reinterpret pc=0x0000000002f64ba4 method=java.lang.String.replace(CC)Ljava/lang/String; @ 2
Event: 4.718 Thread 0x0000000002cda000 Uncommon trap: reason=unstable_if action=reinterpret pc=0x00000000030afee8 method=java.util.HashMap.hash(Ljava/lang/Object;)I @ 1
Event: 5.127 Thread 0x0000000002cda000 Uncommon trap: reason=class_check action=maybe_recompile pc=0x0000000003150280 method=java.util.Collections$UnmodifiableCollection.size()I @ 4
Event: 5.132 Thread 0x0000000002cda000 Uncommon trap: reason=class_check action=maybe_recompile pc=0x0000000003150280 method=java.util.Collections$UnmodifiableCollection.size()I @ 4
Event: 5.872 Thread 0x0000000002cda000 Uncommon trap: reason=unstable_if action=reinterpret pc=0x00000000031ee650 method=sun.reflect.annotation.AnnotationInvocationHandler.invoke(Ljava/lang/Object;Ljava/lang/reflect/Method;[Ljava/lang/Object;)Ljava/lang/Object; @ 255

Classes redefined (0 events):
No events

Internal exceptions (10 events):
Event: 1.073 Thread 0x0000000002cda000 Exception <a 'java/lang/NoSuchFieldError': method resolution failed> (0x00000000e0a92280) thrown at [C:\re\workspace\8-2-build-windows-amd64-cygwin\jdk8u221\13320\hotspot\src\share\vm\prims\methodHandles.cpp, line 1167]
Event: 2.214 Thread 0x0000000002cda000 Exception <a 'java/security/PrivilegedActionException'> (0x00000000e17df5e0) thrown at [C:\re\workspace\8-2-build-windows-amd64-cygwin\jdk8u221\13320\hotspot\src\share\vm\prims\jvm.cpp, line 1502]
Event: 2.214 Thread 0x0000000002cda000 Exception <a 'java/security/PrivilegedActionException'> (0x00000000e17dfbc0) thrown at [C:\re\workspace\8-2-build-windows-amd64-cygwin\jdk8u221\13320\hotspot\src\share\vm\prims\jvm.cpp, line 1502]
Event: 2.216 Thread 0x0000000002cda000 Exception <a 'java/security/PrivilegedActionException'> (0x00000000e17e4270) thrown at [C:\re\workspace\8-2-build-windows-amd64-cygwin\jdk8u221\13320\hotspot\src\share\vm\prims\jvm.cpp, line 1502]
Event: 2.216 Thread 0x0000000002cda000 Exception <a 'java/security/PrivilegedActionException'> (0x00000000e17e4850) thrown at [C:\re\workspace\8-2-build-windows-amd64-cygwin\jdk8u221\13320\hotspot\src\share\vm\prims\jvm.cpp, line 1502]
Event: 2.681 Thread 0x0000000002cda000 Exception <a 'java/lang/ArrayIndexOutOfBoundsException'> (0x00000000e0996330) thrown at [C:\re\workspace\8-2-build-windows-amd64-cygwin\jdk8u221\13320\hotspot\src\share\vm\runtime\sharedRuntime.cpp, line 605]
Event: 3.173 Thread 0x0000000002cda000 Exception <a 'java/lang/ArrayIndexOutOfBoundsException'> (0x00000000e1342260) thrown at [C:\re\workspace\8-2-build-windows-amd64-cygwin\jdk8u221\13320\hotspot\src\share\vm\runtime\sharedRuntime.cpp, line 605]
Event: 4.717 Thread 0x0000000002cda000 Implicit null exception at 0x00000000030afe6f to 0x00000000030afed9
Event: 5.129 Thread 0x0000000002cda000 Exception <a 'java/lang/NoSuchMethodError': java.lang.Object.lambda$comparing$77a9974f$1(Ljava/util/function/Function;Ljava/lang/Object;Ljava/lang/Object;)I> (0x00000000e16dc118) thrown at [C:\re\workspace\8-2-build-windows-amd64-cygwin\jdk8u221\13320\hot
Event: 5.232 Thread 0x0000000002cda000 Exception <a 'java/lang/NoSuchMethodError': java.lang.Object.lambda$static$0()J> (0x00000000e17d99a0) thrown at [C:\re\workspace\8-2-build-windows-amd64-cygwin\jdk8u221\13320\hotspot\src\share\vm\interpreter\linkResolver.cpp, line 620]

Events (10 events):
Event: 5.917 loading class org/jetbrains/kotlin/idea/KotlinLanguage
Event: 5.917 loading class org/jetbrains/kotlin/idea/KotlinLanguage done
Event: 5.918 loading class org/jetbrains/kotlin/idea/KotlinFileType$1
Event: 5.918 loading class org/jetbrains/kotlin/idea/KotlinFileType$1 done
Event: 5.919 loading class org/jetbrains/kotlin/parsing/KotlinParserDefinition
Event: 5.919 loading class org/jetbrains/kotlin/parsing/KotlinParserDefinition done
Event: 5.920 loading class org/jetbrains/kotlin/parsing/KotlinParserDefinition$Companion
Event: 5.920 loading class org/jetbrains/kotlin/parsing/KotlinParserDefinition$Companion done
Event: 5.923 loading class org/jetbrains/kotlin/psi/stubs/elements/KtFileElementType
Event: 5.923 loading class org/jetbrains/kotlin/psi/stubs/elements/KtFileElementType done


Dynamic libraries:
0x00007ff75a7a0000 - 0x00007ff75a7d7000 	C:\Program Files\Java\jdk1.8.0_221\jre\bin\java.exe
0x00007ffc802e0000 - 0x00007ffc804d0000 	C:\WINDOWS\SYSTEM32\ntdll.dll
0x00007ffc7f720000 - 0x00007ffc7f7d2000 	C:\WINDOWS\System32\KERNEL32.DLL
0x00007ffc7d3e0000 - 0x00007ffc7d684000 	C:\WINDOWS\System32\KERNELBASE.dll
0x00007ffc80120000 - 0x00007ffc801c3000 	C:\WINDOWS\System32\ADVAPI32.dll
0x00007ffc7fbd0000 - 0x00007ffc7fc6e000 	C:\WINDOWS\System32\msvcrt.dll
0x00007ffc7e3f0000 - 0x00007ffc7e487000 	C:\WINDOWS\System32\sechost.dll
0x00007ffc7ef70000 - 0x00007ffc7f090000 	C:\WINDOWS\System32\RPCRT4.dll
0x00007ffc7f990000 - 0x00007ffc7fb24000 	C:\WINDOWS\System32\USER32.dll
0x00007ffc7d690000 - 0x00007ffc7d6b1000 	C:\WINDOWS\System32\win32u.dll
0x00007ffc7fba0000 - 0x00007ffc7fbc6000 	C:\WINDOWS\System32\GDI32.dll
0x00007ffc7d6c0000 - 0x00007ffc7d856000 	C:\WINDOWS\System32\gdi32full.dll
0x00007ffc7d340000 - 0x00007ffc7d3de000 	C:\WINDOWS\System32\msvcp_win.dll
0x00007ffc7d860000 - 0x00007ffc7d95a000 	C:\WINDOWS\System32\ucrtbase.dll
0x00007ffc644a0000 - 0x00007ffc64724000 	C:\WINDOWS\WinSxS\amd64_microsoft.windows.common-controls_6595b64144ccf1df_6.0.18362.959_none_e6c7bbbf130c62bb\COMCTL32.dll
0x00007ffc7fcd0000 - 0x00007ffc80005000 	C:\WINDOWS\System32\combase.dll
0x00007ffc7db60000 - 0x00007ffc7dbe0000 	C:\WINDOWS\System32\bcryptPrimitives.dll
0x00007ffc80010000 - 0x00007ffc8003e000 	C:\WINDOWS\System32\IMM32.DLL
0x00000000545c0000 - 0x0000000054692000 	C:\Program Files\Java\jdk1.8.0_221\jre\bin\msvcr100.dll
0x0000000052670000 - 0x0000000052f15000 	C:\Program Files\Java\jdk1.8.0_221\jre\bin\server\jvm.dll
0x00007ffc7f710000 - 0x00007ffc7f718000 	C:\WINDOWS\System32\PSAPI.DLL
0x00007ffc7a050000 - 0x00007ffc7a074000 	C:\WINDOWS\SYSTEM32\WINMM.dll
0x00007ffc78100000 - 0x00007ffc7810a000 	C:\WINDOWS\SYSTEM32\VERSION.dll
0x00007ffc784a0000 - 0x00007ffc784a9000 	C:\WINDOWS\SYSTEM32\WSOCK32.dll
0x00007ffc7ee50000 - 0x00007ffc7eebf000 	C:\WINDOWS\System32\WS2_32.dll
0x00007ffc7a020000 - 0x00007ffc7a04d000 	C:\WINDOWS\SYSTEM32\winmmbase.dll
0x00007ffc7d260000 - 0x00007ffc7d2aa000 	C:\WINDOWS\System32\cfgmgr32.dll
0x00007ffc73f40000 - 0x00007ffc73f4f000 	C:\Program Files\Java\jdk1.8.0_221\jre\bin\verify.dll
0x00007ffc5f0b0000 - 0x00007ffc5f0d9000 	C:\Program Files\Java\jdk1.8.0_221\jre\bin\java.dll
0x00007ffc685c0000 - 0x00007ffc685d6000 	C:\Program Files\Java\jdk1.8.0_221\jre\bin\zip.dll
0x00007ffc7e5f0000 - 0x00007ffc7ecd6000 	C:\WINDOWS\System32\SHELL32.dll
0x00007ffc7eec0000 - 0x00007ffc7ef69000 	C:\WINDOWS\System32\shcore.dll
0x00007ffc7dc00000 - 0x00007ffc7e382000 	C:\WINDOWS\System32\windows.storage.dll
0x00007ffc7d1e0000 - 0x00007ffc7d203000 	C:\WINDOWS\System32\profapi.dll
0x00007ffc7d210000 - 0x00007ffc7d25a000 	C:\WINDOWS\System32\powrprof.dll
0x00007ffc7d190000 - 0x00007ffc7d1a0000 	C:\WINDOWS\System32\UMPDC.dll
0x00007ffc7edf0000 - 0x00007ffc7ee42000 	C:\WINDOWS\System32\shlwapi.dll
0x00007ffc7d1a0000 - 0x00007ffc7d1b1000 	C:\WINDOWS\System32\kernel.appcore.dll
0x00007ffc7dbe0000 - 0x00007ffc7dbf7000 	C:\WINDOWS\System32\cryptsp.dll

VM Arguments:
java_command: org.jetbrains.kotlin.cli.jvm.K2JVMCompiler -Xallow-no-source-files -classpath C:\Users\msalimclinic\.gradle\caches\modules-2\files-2.1\org.jetbrains.kotlin\kotlin-android-extensions-runtime\1.3.50\bec16087637a7cafe54894e73d38037977cb30d2\kotlin-android-extensions-runtime-1.3.50.jar;C:\Users\msalimclinic\.gradle\caches\modules-2\files-2.1\org.jetbrains.kotlin\kotlin-stdlib-jdk7\1.3.50\50ad05ea1c2595fb31b800e76db464d08d599af3\kotlin-stdlib-jdk7-1.3.50.jar;C:\Users\msalimclinic\.gradle\caches\transforms-2\files-2.1\05459fce297cb2ed2bb2a1ed6ef2d0d3\core-ktx-1.0.2\jars\classes.jar;C:\Users\msalimclinic\.gradle\caches\transforms-2\files-2.1\cbeaa76f6a85264af8955cedca80715f\navigation-fragment-ktx-2.0.0\jars\classes.jar;C:\Users\msalimclinic\.gradle\caches\transforms-2\files-2.1\a71950e2bc88e2da4af69989e5e0cef1\navigation-ui-ktx-2.0.0\jars\classes.jar;C:\Users\msalimclinic\.gradle\caches\transforms-2\files-2.1\97c375018936f602b54892950906ecc3\navigation-runtime-ktx-2.0.0\jars\classes.jar;C:\Users\msalimclinic\.gradle\caches\transforms-2\files-2.1\27af4b3408896c35c75000d5fda9c211\navigation-common-ktx-2.0.0\jars\classes.jar;C:\Users\msalimclinic\.gradle\caches\modules-2\files-2.1\org.jetbrains.kotlin\kotlin-stdlib\1.3.50\b529d1738c7e98bbfa36a4134039528f2ce78ebf\kotlin-stdlib-1.3.50.jar;C:\Users\msalimclinic\.gradle\caches\modules-2\files-2.1\org.jetbrains.kotlin\kotlin-stdlib-common\1.3.50\3d9cd3e1bc7b92e95f43d45be3bfbcf38e36ab87\kotlin-stdlib-common-1.3.50.jar;C:\Users\msalimclinic\.gradle\caches\modules-2\files-2.1\org.jetbrains\annotations\13.0\919f0dfe192fb4e063e7dacadee7f8bb9a2672a9\annotations-13.0.jar;C:\Users\msalimclinic\.gradle\caches\transforms-2\files-2.1\8bcb2f04dc4566cd3a15c85a1b35a776\jetified-audiovisualization-1.0.1\jars\classes.jar;C:\Users\msalimclinic\.gradle\caches\transforms-2\files-2.1\a1bbb2fe331e5cebc391cabcd270fe9c\jetified-navigation-ui-2.0.0\jars\classes.jar;C:\Users\msalimclinic\.gradle\caches\transforms-2\files-2.1\f8a9144a94e49
java_class_path (initial): C:\Users\msalimclinic\.gradle\caches\modules-2\files-2.1\org.jetbrains.kotlin\kotlin-compiler-embeddable\1.3.50\1251c1768e5769b06c2487d6f6cf8acf6efb8960\kotlin-compiler-embeddable-1.3.50.jar;C:\Users\msalimclinic\.gradle\caches\modules-2\files-2.1\org.jetbrains.kotlin\kotlin-reflect\1.3.50\b499f22fd7c3e9c2e5b6c4005221fa47fc7f9a7a\kotlin-reflect-1.3.50.jar;C:\Users\msalimclinic\.gradle\caches\modules-2\files-2.1\org.jetbrains.kotlin\kotlin-stdlib\1.3.50\b529d1738c7e98bbfa36a4134039528f2ce78ebf\kotlin-stdlib-1.3.50.jar;C:\Users\msalimclinic\.gradle\caches\modules-2\files-2.1\org.jetbrains.kotlin\kotlin-script-runtime\1.3.50\59492b8dfb92522ba0ddb5dd1c4d0ef0a4fca1af\kotlin-script-runtime-1.3.50.jar;C:\Users\msalimclinic\.gradle\caches\modules-2\files-2.1\org.jetbrains.kotlin\kotlin-daemon-embeddable\1.3.50\5cb93bb33f4c6f833ead0beca4c831668e00cf52\kotlin-daemon-embeddable-1.3.50.jar;C:\Users\msalimclinic\.gradle\caches\modules-2\files-2.1\org.jetbrains.intellij.deps\trove4j\1.0.20181211\216c2e14b070f334479d800987affe4054cd563f\trove4j-1.0.20181211.jar;C:\Users\msalimclinic\.gradle\caches\modules-2\files-2.1\org.jetbrains.kotlin\kotlin-stdlib-common\1.3.50\3d9cd3e1bc7b92e95f43d45be3bfbcf38e36ab87\kotlin-stdlib-common-1.3.50.jar;C:\Users\msalimclinic\.gradle\caches\modules-2\files-2.1\org.jetbrains\annotations\13.0\919f0dfe192fb4e063e7dacadee7f8bb9a2672a9\annotations-13.0.jar;C:\Program Files\Java\jdk1.8.0_221\lib\tools.jar
Launcher Type: SUN_STANDARD

Environment Variables:
JAVA_HOME=C:\Program Files\Java\jdk1.8.0_221
PATH=C:\Program Files (x86)\NVIDIA Corporation\PhysX\Common;C:\Program Files\Broadcom\Broadcom 802.11 Network Adapter;C:\Program Files (x86)\Common Files\Oracle\Java\javapath;C:\windows\system32;C:\windows;C:\windows\System32\Wbem;C:\windows\System32\WindowsPowerShell\v1.0\;H:\Java Dev Kit\bin;C:\WINDOWS\system32;C:\WINDOWS;C:\WINDOWS\System32\Wbem;C:\WINDOWS\System32\WindowsPowerShell\v1.0\;C:\Program Files\PuTTY\;C:\WINDOWS\System32\OpenSSH\;C:\mingw\mingw64\bin;I:\MATLAB\R2019a\bin;C:\Program Files\Java;C:\Program Files\nodejs\;C:\Program Files\Java\jdk1.8.0_221\bin;C:\Program Files (x86)\Windows Kits\8.1\Windows Performance Toolkit\;C:\Program Files\Git\cmd;C:\Flutter\flutter_1.17.5\flutter\bin;C:\windows;C:\windows\System32\Wbem;C:\windows\System32\WindowsPowerShell\v1.0\;H:\Java Dev Kit\bin;C:\Users\msalimclinic\AppData\Local\Microsoft\WindowsApps;C:\Users\msalimclinic\AppData\Local\atom\bin;C:\Users\msalimclinic\AppData\Local\Programs\Microsoft VS Code\bin;C:\mingw\mingw64\bin;C:\Users\msalimclinic\AppData\Local\GitHubDesktop\bin;C:\Program Files\Java;C:\Users\msalimclinic\AppData\Roaming\npm;
USERNAME=msalimclinic
OS=Windows_NT
PROCESSOR_IDENTIFIER=Intel64 Family 6 Model 60 Stepping 3, GenuineIntel



---------------  S Y S T E M  ---------------

OS: Windows 10.0 , 64 bit Build 18362 (10.0.18362.959)

CPU:total 8 (initial active 8) (4 cores per cpu, 2 threads per core) family 6 model 60 stepping 3, cmov, cx8, fxsr, mmx, sse, sse2, sse3, ssse3, sse4.1, sse4.2, popcnt, avx, avx2, aes, clmul, erms, lzcnt, ht, tsc, tscinvbit, bmi1, bmi2

Memory: 4k page, physical 6201624k(395180k free), swap 10373400k(976k free)

vm_info: Java HotSpot(TM) 64-Bit Server VM (25.221-b11) for windows-amd64 JRE (1.8.0_221-b11), built on Jul  4 2019 04:39:29 by "java_re" with MS VC++ 10.0 (VS2010)

time: Wed Jul 22 23:41:22 2020
timezone: Arab Standard Time
elapsed time: 5 seconds (0d 0h 0m 5s)

